[2016-10-05 19:49:40] START
[2016-10-05 19:49:40] EDIT welcome/controllers/default.py: 2
[2016-10-05 19:49:58] EDIT welcome/controllers/default.py: 0
[2016-10-05 19:50:03] EDIT welcome/controllers/default.py: 0
[2016-10-05 19:50:13] EDIT welcome/controllers/default.py: 0
[2016-10-05 19:52:44] EDIT welcome/models/menu.py: -89
[2016-10-05 20:05:55] EDIT welcome/models/menu.py: 0
[2016-10-05 20:06:36] EDIT welcome/models/menu.py: 0
[2016-10-05 20:07:03] EDIT welcome/models/menu.py: 0
[2016-10-05 20:07:36] EDIT welcome/models/menu.py: 0
[2016-10-05 20:10:10] EDIT welcome/models/menu.py: -2
[2016-10-05 20:11:22] EDIT welcome/models/menu.py: 0
[2016-10-05 20:11:55] EDIT welcome/models/menu.py: 0
[2016-10-05 20:15:50] EDIT welcome/models/menu.py: 0
[2016-10-19 17:07:38] EDIT welcome/controllers/default.py: 0
[2016-10-19 17:19:46] EDIT welcome/views/default/index.html: -19
[2016-10-19 17:20:19] EDIT welcome/models/menu.py: 0
[2016-10-19 17:21:22] EDIT welcome/models/menu.py: 0
[2016-10-19 17:21:41] EDIT welcome/models/menu.py: 0
[2016-10-19 17:22:46] EDIT welcome/views/default/index.html: 0
[2016-10-19 17:25:11] EDIT welcome/views/default/index.html: 0
[2016-10-19 17:25:53] EDIT welcome/views/default/index.html: 2
[2016-10-19 17:27:30] EDIT welcome/views/default/index.html: 2
[2016-10-19 17:35:36] EDIT welcome/views/default/index.html: -7
[2016-10-19 17:36:38] EDIT welcome/views/default/index.html: -1
[2016-10-19 17:36:53] EDIT welcome/views/default/index.html: 0
[2016-10-19 17:37:15] EDIT welcome/views/default/index.html: 0
[2016-10-19 17:39:45] EDIT welcome/views/default/index.html: 0
[2016-10-19 17:42:38] EDIT welcome/views/default/index.html: 0
[2016-10-19 17:44:33] EDIT welcome/views/default/index.html: 3
[2016-10-19 17:44:59] EDIT welcome/views/default/index.html: 0
[2016-10-19 17:47:09] EDIT welcome/views/default/index.html: 0
[2016-10-19 17:54:51] EDIT welcome/views/default/index.html: 0
[2016-10-19 17:56:44] EDIT welcome/views/default/index.html: 3
[2016-10-19 17:57:05] EDIT welcome/views/default/index.html: 0
[2016-10-19 17:58:40] EDIT welcome/views/default/index.html: 0
[2016-10-19 18:00:09] EDIT welcome/views/default/index.html: 1
[2016-10-19 18:00:33] EDIT welcome/views/default/index.html: 1
[2016-10-19 18:01:04] EDIT welcome/views/default/index.html: 0
[2016-10-19 18:01:22] EDIT welcome/views/default/index.html: 0
[2016-10-19 18:03:07] EDIT welcome/views/default/index.html: -1
[2016-10-19 18:04:16] EDIT welcome/views/default/index.html: 3
[2016-10-19 18:05:11] EDIT welcome/views/default/index.html: 0
[2016-10-19 18:06:31] EDIT welcome/views/default/index.html: 2
[2016-10-19 18:07:02] EDIT welcome/views/default/index.html: 2
[2016-10-19 18:07:23] EDIT welcome/views/default/index.html: 0
[2016-10-19 18:07:38] EDIT welcome/views/default/index.html: 0
[2016-10-19 18:08:25] EDIT welcome/models/menu.py: 0
[2016-10-21 21:57:16] EDIT welcome/models/menu.py: 0
[2016-10-21 22:00:45] EDIT welcome/controllers/default.py: 0
